<?xml version="1.0" encoding="UTF-8"?>
<testng-results skipped="0" failed="0" total="1" passed="1">
  <reporter-output>
  </reporter-output>
  <suite name="Suite" duration-ms="17885" started-at="2020-07-16T10:08:57Z" finished-at="2020-07-16T10:09:15Z">
    <groups>
    </groups>
    <test name="Test" duration-ms="17885" started-at="2020-07-16T10:08:57Z" finished-at="2020-07-16T10:09:15Z">
      <class name="test_scripts.Login">
        <test-method status="PASS" signature="openAppln()[pri:0, instance:test_scripts.Login@2be94b0f]" name="openAppln" is-config="true" duration-ms="9641" started-at="2020-07-16T15:38:57Z" finished-at="2020-07-16T15:39:06Z">
          <reporter-output>
          </reporter-output>
        </test-method> <!-- openAppln -->
        <test-method status="PASS" signature="testLogin()[pri:0, instance:test_scripts.Login@2be94b0f]" name="testLogin" duration-ms="6178" started-at="2020-07-16T15:39:06Z" finished-at="2020-07-16T15:39:13Z">
          <reporter-output>
          </reporter-output>
        </test-method> <!-- testLogin -->
        <test-method status="PASS" signature="closeAppln(org.testng.ITestResult)[pri:0, instance:test_scripts.Login@2be94b0f]" name="closeAppln" is-config="true" duration-ms="2059" started-at="2020-07-16T15:39:13Z" finished-at="2020-07-16T15:39:15Z">
          <params>
            <param index="0">
              <value>
                <![CDATA[[TestResult name=testLogin status=SUCCESS method=Login.testLogin()[pri:0, instance:test_scripts.Login@2be94b0f] output={null}]]]>
              </value>
            </param>
          </params>
          <reporter-output>
          </reporter-output>
        </test-method> <!-- closeAppln -->
      </class> <!-- test_scripts.Login -->
    </test> <!-- Test -->
  </suite> <!-- Suite -->
</testng-results>
